[22:17:37] [main/INFO]: Loading Minecraft 1.21 with Fabric Loader 0.18.2
[22:17:39] [main/INFO]: Loading 75 mods:
	- appleskin 3.0.2+mc1.21
	- architectury 13.0.1
	- betterthanmending 2.1.0
	- carpet 1.4.147+v240613
	- carpet-extra 1.4.147
	- cloth-config 15.0.127
	   \-- cloth-basic-math 0.6.1
	- entityculling 1.6.6
	- fabric-api 0.100.3+1.21
	   |-- fabric-api-base 0.4.42+6573ed8cd1
	   |-- fabric-api-lookup-api-v1 1.6.67+b5597344d1
	   |-- fabric-biome-api-v1 13.0.28+6fc22b99d1
	   |-- fabric-block-api-v1 1.0.22+0af3f5a7d1
	   |-- fabric-block-view-api-v2 1.0.10+6573ed8cd1
	   |-- fabric-blockrenderlayer-v1 1.1.52+0af3f5a7d1
	   |-- fabric-client-tags-api-v1 1.1.15+6573ed8cd1
	   |-- fabric-command-api-v1 1.2.48+f71b366fd1
	   |-- fabric-command-api-v2 2.2.27+6a6dfa19d1
	   |-- fabric-commands-v0 0.2.65+df3654b3d1
	   |-- fabric-content-registries-v0 8.0.13+b5597344d1
	   |-- fabric-convention-tags-v1 2.0.14+7f945d5bd1
	   |-- fabric-convention-tags-v2 2.3.1+8a3b5617d1
	   |-- fabric-crash-report-info-v1 0.2.29+0af3f5a7d1
	   |-- fabric-data-attachment-api-v1 1.1.23+6a6dfa19d1
	   |-- fabric-data-generation-api-v1 20.2.8+16c4ae25d1
	   |-- fabric-dimensions-v1 4.0.0+6fc22b99d1
	   |-- fabric-entity-events-v1 1.6.12+6fc22b99d1
	   |-- fabric-events-interaction-v0 0.7.10+e633f883d1
	   |-- fabric-game-rule-api-v1 1.0.52+6573ed8cd1
	   |-- fabric-item-api-v1 11.0.0+afdfc921d1
	   |-- fabric-item-group-api-v1 4.1.1+cb5ced13d1
	   |-- fabric-key-binding-api-v1 1.0.47+0af3f5a7d1
	   |-- fabric-keybindings-v0 0.2.45+df3654b3d1
	   |-- fabric-lifecycle-events-v1 2.3.11+8f3583aed1
	   |-- fabric-loot-api-v2 3.0.10+6573ed8cd1
	   |-- fabric-message-api-v1 6.0.13+6573ed8cd1
	   |-- fabric-model-loading-api-v1 2.0.0+fe474d6bd1
	   |-- fabric-networking-api-v1 4.2.0+ab7edbacd1
	   |-- fabric-object-builder-api-v1 15.1.11+d1321076d1
	   |-- fabric-particles-v1 4.0.2+6573ed8cd1
	   |-- fabric-recipe-api-v1 5.0.9+6573ed8cd1
	   |-- fabric-registry-sync-v0 5.0.22+ab7edbacd1
	   |-- fabric-renderer-api-v1 3.2.16+fe474d6bd1
	   |-- fabric-renderer-indigo 1.6.4+48fb1586d1
	   |-- fabric-renderer-registries-v1 3.2.66+df3654b3d1
	   |-- fabric-rendering-data-attachment-v1 0.3.48+73761d2ed1
	   |-- fabric-rendering-fluids-v1 3.1.6+b5597344d1
	   |-- fabric-rendering-v0 1.1.69+df3654b3d1
	   |-- fabric-rendering-v1 5.0.3+d1321076d1
	   |-- fabric-resource-conditions-api-v1 4.2.1+d153f344d1
	   |-- fabric-screen-api-v1 2.0.24+b5597344d1
	   |-- fabric-screen-handler-api-v1 1.3.79+b5597344d1
	   |-- fabric-sound-api-v1 1.0.23+6573ed8cd1
	   |-- fabric-transfer-api-v1 5.1.14+b5597344d1
	   \-- fabric-transitive-access-wideners-v1 6.0.12+6573ed8cd1
	- fabric-language-kotlin 1.11.0+kotlin.2.0.0
	   |-- org_jetbrains_kotlin_kotlin-reflect 2.0.0
	   |-- org_jetbrains_kotlin_kotlin-stdlib 2.0.0
	   |-- org_jetbrains_kotlin_kotlin-stdlib-jdk7 2.0.0
	   |-- org_jetbrains_kotlin_kotlin-stdlib-jdk8 2.0.0
	   |-- org_jetbrains_kotlinx_atomicfu-jvm 0.24.0
	   |-- org_jetbrains_kotlinx_kotlinx-coroutines-core-jvm 1.8.1
	   |-- org_jetbrains_kotlinx_kotlinx-coroutines-jdk8 1.8.1
	   |-- org_jetbrains_kotlinx_kotlinx-datetime-jvm 0.6.0
	   |-- org_jetbrains_kotlinx_kotlinx-serialization-cbor-jvm 1.6.3
	   |-- org_jetbrains_kotlinx_kotlinx-serialization-core-jvm 1.6.3
	   \-- org_jetbrains_kotlinx_kotlinx-serialization-json-jvm 1.6.3
	- fabricloader 0.18.2
	   \-- mixinextras 0.5.0
	- ferritecore 7.0.0
	- forgeconfigapiport 21.0.0
	   |-- com_electronwill_night-config_core 3.6.7
	   \-- com_electronwill_night-config_toml 3.6.7
	- java 21
	- krypton 0.2.8
	   \-- com_velocitypowered_velocity-native 3.3.0-SNAPSHOT
	- lithium 0.12.5
	- minecraft 1.21
	- noexpensive 1.21-1.9.0
	- recipecooldown 1.17.1-1.0.0
	- retraining 2.0.0
	- syncmatica 0.3.12-sakura.6
	   \-- fabric-resource-loader-v0 1.2.0+7e687b32d1
	- viewdistancefix 1.21-1.0.2
	- worldedit 7.3.4-beta-01+0452ca2
	   |-- fabric-api-base 0.4.42+6573ed8cd1
	   |-- fabric-command-api-v2 2.2.27+6a6dfa19d1
	   |-- fabric-events-interaction-v0 0.7.10+e633f883d1
	   |-- fabric-lifecycle-events-v1 2.3.11+8f3583aed1
	   \-- fabric-networking-api-v1 4.2.0+ab7edbacd1
	- xaerominimap 24.2.1
	- xaeroworldmap 1.38.8
[22:17:40] [main/INFO]: SpongePowered MIXIN Subsystem Version=0.8.7 Source=file:/workspaces/server-sigma/servidor_minecraft/libraries/net/fabricmc/sponge-mixin/0.16.5+mixin.0.8.7/sponge-mixin-0.16.5+mixin.0.8.7.jar Service=Knot/Fabric Env=SERVER
[22:17:40] [main/INFO]: Compatibility level set to JAVA_21
[22:17:40] [main/WARN]: Reference map 'forgeconfigapiport.common.refmap.json' for forgeconfigapiport.common.mixins.json could not be read. If this is a development environment you can ignore this message
[22:17:40] [main/INFO]: Loaded configuration file for Lithium: 138 options available, 2 override(s) found
[22:17:41] [main/WARN]: Force-disabling mixin 'alloc.blockstate.StateMixin' as rule 'mixin.alloc.blockstate' (added by mods [ferritecore]) disables it and children
[22:17:41] [main/WARN]: Force-enabling mixin 'block.hopper.worldedit_compat.WorldChunkMixin' as rule 'mixin.block.hopper.worldedit_compat' (added by mods [lithium-fabric]) enables it
[22:17:42] [main/WARN]: [carpet] detected, disabling UPDATE mixin com.sk89q.worldedit.fabric.mixin.MixinLevelChunkSetBlockHook
[22:17:42] [main/INFO]: Initializing MixinExtras via com.llamalad7.mixinextras.service.MixinExtrasServiceImpl(version=0.5.0).
[22:17:44] [main/WARN]: Method overwrite conflict for getClimateSettings in architectury.mixins.json:BiomeAccessor from mod architectury, previously written by carpet.mixins.Biome_scarpetMixin. Skipping method.
[22:17:48] [main/INFO]: Compression will use libdeflate (Linux x86_64), encryption will use OpenSSL 3.0.x (Linux x86_64)
[22:17:48] [main/INFO]: [STDOUT]: Hello NoExpensive world!
[22:17:48] [main/INFO]: [RecipeCooldown] RecipeCooldown loaded
[22:17:48] [main/INFO]: Got request to register class com.sk89q.worldedit.fabric.FabricPlatform with WorldEdit [com.sk89q.worldedit.extension.platform.PlatformManager@6751617f]
[22:17:48] [main/INFO]: WorldEdit for Fabric (version 7.3.4-beta-01+0452ca2) is loaded
[22:17:48] [main/INFO]: Krypton is now accelerating your Minecraft server's networking stack 🚀
[22:17:48] [main/INFO]: Loading Xaero's Minimap - Stage 1/2 (Server)
[22:17:48] [main/INFO]: Loading Xaero's World Map - Stage 1/2 (Server)
[22:17:49] [main/INFO]: Environment: Environment[sessionHost=https://sessionserver.mojang.com, servicesHost=https://api.minecraftservices.com, name=PROD]
[22:17:51] [Worker-Main-3/INFO]: Registering commands with com.sk89q.worldedit.fabric.FabricPlatform
[22:17:51] [main/INFO]: Loaded 1290 recipes
[22:17:51] [main/INFO]: Loaded 1399 advancements
[22:17:52] [main/INFO]: Applied 0 biome modifications to 0 of 64 new biomes in 1.391 ms
[22:17:52] [Server thread/INFO]: Starting minecraft server version 1.21
[22:17:52] [Server thread/INFO]: Loading properties
[22:17:52] [Server thread/INFO]: Default game type: SURVIVAL
[22:17:52] [Server thread/INFO]: Generating keypair
[22:17:52] [Server thread/INFO]: Starting Minecraft server on *:25565
[22:17:52] [Server thread/INFO]: Using epoll channel type
[22:17:52] [Server thread/WARN]: **** SERVER IS RUNNING IN OFFLINE/INSECURE MODE!
[22:17:52] [Server thread/WARN]: The server will make no attempt to authenticate usernames. Beware.
[22:17:52] [Server thread/WARN]: While this makes the game possible to play without internet access, it also opens up the ability for hackers to connect with any username they choose.
[22:17:52] [Server thread/WARN]: To change this, set "online-mode" to "true" in the server.properties file.
[22:17:52] [Server thread/INFO]: Preparing level "world"
[22:17:52] [Server thread/INFO]: [CM] Loaded 2 settings from carpet.conf
[22:17:56] [Server thread/INFO]: Preparing start region for dimension minecraft:overworld
[22:17:57] [Worker-Main-3/INFO]: Preparing spawn area: 0%
[22:17:57] [Server thread/INFO]: Time elapsed: 537 ms
[22:17:57] [Server thread/INFO]: Failed to add app 'stat': Error when handling of setting up custom argument types: Custom string type requires options passed as a list for custom type misc_stat
[22:17:57] [Server thread/INFO]: stat app loaded
[22:17:57] [Server thread/INFO]: App stat loaded in 206 ms
[22:17:57] [Server thread/INFO]: Done (4.790s)! For help, type "help"
[22:17:58] [Server thread/INFO]: Loading Xaero's Minimap - Stage 2/2 (Server)
[22:17:58] [Server thread/INFO]: Loading Xaero's World Map - Stage 2/2 (Server)
[22:19:08] [Server thread/INFO]: gusla[/127.111.220.19:43687] logged in with entity id 2 at (-1084.300000011921, 104.0, -796.1779186527181)
[22:19:08] [Server thread/INFO]: gusla joined the game
[22:19:09] [Server thread/INFO]: Syncmatica client joining with local version 0.3.12-sakura.6 and client version 0.3.12-sakura.6
[22:19:10] [Server thread/INFO]: Player gusla joined with a matching carpet client
[22:43:34] [Server thread/INFO]: lucena_enjoyer[/127.185.23.22:56739] logged in with entity id 6462 at (-17.853806158559703, 61.0, -9.555939583362834)
[22:43:34] [Server thread/INFO]: lucena_enjoyer joined the game
[22:43:35] [Server thread/INFO]: Syncmatica client joining with local version 0.3.12-sakura.6 and client version 0.3.12-sakura.6
[22:43:36] [Server thread/INFO]: Player lucena_enjoyer joined with a matching carpet client
[22:58:32] [Server thread/INFO]: lucena_enjoyer lost connection: Disconnected
[22:58:32] [Server thread/INFO]: lucena_enjoyer left the game
[22:59:37] [Server thread/INFO]: lucena_enjoyer[/127.185.23.22:34299] logged in with entity id 10219 at (-4.903858480414705, 62.0, 2.851980296804272)
[22:59:37] [Server thread/INFO]: lucena_enjoyer joined the game
[22:59:38] [Server thread/INFO]: Syncmatica client joining with local version 0.3.12-sakura.6 and client version 0.3.12-sakura.6
[22:59:40] [Server thread/INFO]: Player lucena_enjoyer joined with a matching carpet client
[22:59:45] [Server thread/INFO]: lucena_enjoyer has reached the goal [The Next Generation]
[23:00:07] [Server thread/INFO]: lucena_enjoyer was slain by Ender Dragon
[23:00:37] [Server thread/INFO]: lucena_enjoyer was killed by Ender Dragon using magic
[23:00:51] [Server thread/INFO]: lucena_enjoyer lost connection: Disconnected
[23:00:51] [Server thread/INFO]: lucena_enjoyer left the game
[23:01:49] [Server thread/INFO]: lucena_enjoyer[/127.185.23.22:43989] logged in with entity id 10940 at (23.93332220557843, 63.0, 18.966548964958985)
[23:01:49] [Server thread/INFO]: lucena_enjoyer joined the game
[23:01:50] [Server thread/INFO]: Syncmatica client joining with local version 0.3.12-sakura.6 and client version 0.3.12-sakura.6
[23:01:52] [Server thread/INFO]: Player lucena_enjoyer joined with a matching carpet client
[23:06:02] [Server thread/INFO]: lucena_enjoyer has made the advancement [Free the End]
[23:09:20] [Server thread/INFO]: lucena_enjoyer has made the advancement [Remote Getaway]
[23:11:15] [Server thread/INFO]: lucena_enjoyer lost connection: Disconnected
[23:11:15] [Server thread/INFO]: lucena_enjoyer left the game
[23:11:21] [Server thread/INFO]: lucena_enjoyer[/127.185.23.22:32803] logged in with entity id 12942 at (295.6015692688789, 58.16214142102699, -1011.0839033325967)
[23:11:21] [Server thread/INFO]: lucena_enjoyer joined the game
[23:11:22] [Server thread/INFO]: Syncmatica client joining with local version 0.3.12-sakura.6 and client version 0.3.12-sakura.6
[23:11:22] [Server thread/INFO]: Player lucena_enjoyer joined with a matching carpet client
[23:11:25] [Server thread/INFO]: lucena_enjoyer was slain by Enderman
[23:14:41] [Server thread/INFO]: lucena_enjoyer lost connection: Disconnected
[23:14:41] [Server thread/INFO]: lucena_enjoyer left the game
[23:15:42] [Server thread/INFO]: lucena_enjoyer[/127.185.23.22:54179] logged in with entity id 14217 at (169.82004376097467, 58.0, -1231.8616829253117)
[23:15:42] [Server thread/INFO]: lucena_enjoyer joined the game
[23:15:43] [Server thread/INFO]: Syncmatica client joining with local version 0.3.12-sakura.6 and client version 0.3.12-sakura.6
[23:15:45] [Server thread/INFO]: Player lucena_enjoyer joined with a matching carpet client
[23:19:04] [Server thread/INFO]: lucena_enjoyer has made the advancement [The City at the End of the Game]
[23:34:44] [Server thread/INFO]: lucena_enjoyer was slain by Shulker
[23:36:04] [Server thread/INFO]: Villager class_1646['Librarian'/10, l='ServerLevel[world]', x=-1087.30, y=104.00, z=-778.30] died, message: 'Librarian was slain by Zombie'
[23:36:11] [Server thread/INFO]: Villager class_1646['Fletcher'/9, l='ServerLevel[world]', x=-1087.30, y=104.00, z=-780.70] died, message: 'Fletcher was slain by Zombie'
[23:37:01] [Server thread/INFO]: Villager class_1646['Fletcher'/12, l='ServerLevel[world]', x=-1087.31, y=104.00, z=-782.69] died, message: 'Fletcher was slain by Zombie'
[23:37:23] [Server thread/INFO]: Villager class_1646['Toolsmith'/11, l='ServerLevel[world]', x=-1087.30, y=104.00, z=-784.70] died, message: 'Toolsmith was slain by Zombie'
[23:38:02] [Server thread/INFO]: gusla lost connection: Disconnected
[23:38:02] [Server thread/INFO]: gusla left the game
